<?xml version="1.0" encoding="utf-8"?><testsuites><testsuite name="pytest" errors="0" failures="0" skipped="0" tests="3" time="0.180" timestamp="2023-06-09T11:48:04.556127" hostname="fv-az422-839"><testcase classname="unit-tests.testdatetransformation" name="test_date_transform[03-31-1970 12:20 59-excp0]" time="0.004" /><testcase classname="unit-tests.testdatetransformation" name="test_date_transform[12-01-2020 09:59 00-excp1]" time="0.001" /><testcase classname="unit-tests.testdatetransformation" name="test_date_transform[13-01-2020 09:59 00-excp2]" time="0.001" /></testsuite></testsuites>